<?xml version="1.0" encoding="UTF-8"?>
<!-- Generated by org.testng.reporters.JUnitXMLReporter -->
<testsuite hostname="ratnak-ThinkCentre-M92p" name="Default test" tests="1" failures="1" timestamp="14 Mar 2017 09:02:05 GMT" time="1.401" errors="0">
  <testcase name="testJPAConnector" time="1.388" classname="web.interviewApp.test.InterviewAppTest">
    <failure type="org.apache.openjpa.persistence.PersistenceException">
      <![CDATA[<openjpa-2.2.3-SNAPSHOT-r422266:1642995 fatal general error> org.apache.openjpa.persistence.PersistenceException: null
	at org.apache.openjpa.enhance.ClassRedefiner.redefineClasses(ClassRedefiner.java:96)
	at org.apache.openjpa.enhance.ManagedClassSubclasser.prepareUnenhancedClasses(ManagedClassSubclasser.java:176)
	at org.apache.openjpa.kernel.AbstractBrokerFactory.loadPersistentTypes(AbstractBrokerFactory.java:312)
	at org.apache.openjpa.kernel.AbstractBrokerFactory.initializeBroker(AbstractBrokerFactory.java:236)
	at org.apache.openjpa.kernel.AbstractBrokerFactory.newBroker(AbstractBrokerFactory.java:212)
	at org.apache.openjpa.kernel.DelegatingBrokerFactory.newBroker(DelegatingBrokerFactory.java:156)
	at org.apache.openjpa.persistence.EntityManagerFactoryImpl.createEntityManager(EntityManagerFactoryImpl.java:228)
	at com.ibm.ws.persistence.EntityManagerFactoryImpl.createEntityManager(EntityManagerFactoryImpl.java:51)
	at com.ibm.ws.persistence.EntityManagerFactoryImpl.createEntityManager(EntityManagerFactoryImpl.java:35)
	at eafUtil.jpa.connector.JPAConnector.getEntityManager(JPAConnector.java:180)
	at services.interviewApp.util.Context.getEntityManager(Context.java:60)
	at services.interviewApp.jpa.dao.CandidateDAO.getEntityManager(CandidateDAO.java:42)
	at services.interviewApp.jpa.dao.CandidateDAO.getCandidates(CandidateDAO.java:60)
	at web.interviewApp.test.InterviewAppTest.testJPAConnector(InterviewAppTest.java:22)
	at sun.reflect.NativeMethodAccessorImpl.invoke0(Native Method)
	at sun.reflect.NativeMethodAccessorImpl.invoke(NativeMethodAccessorImpl.java:57)
	at sun.reflect.DelegatingMethodAccessorImpl.invoke(DelegatingMethodAccessorImpl.java:43)
	at java.lang.reflect.Method.invoke(Method.java:606)
	at org.testng.internal.MethodInvocationHelper.invokeMethod(MethodInvocationHelper.java:80)
	at org.testng.internal.Invoker.invokeMethod(Invoker.java:714)
	at org.testng.internal.Invoker.invokeTestMethod(Invoker.java:901)
	at org.testng.internal.Invoker.invokeTestMethods(Invoker.java:1231)
	at org.testng.internal.TestMethodWorker.invokeTestMethods(TestMethodWorker.java:128)
	at org.testng.internal.TestMethodWorker.run(TestMethodWorker.java:111)
	at org.testng.TestRunner.privateRun(TestRunner.java:767)
	at org.testng.TestRunner.run(TestRunner.java:617)
	at org.testng.SuiteRunner.runTest(SuiteRunner.java:334)
	at org.testng.SuiteRunner.runSequentially(SuiteRunner.java:329)
	at org.testng.SuiteRunner.privateRun(SuiteRunner.java:291)
	at org.testng.SuiteRunner.run(SuiteRunner.java:240)
	at org.testng.SuiteRunnerWorker.runSuite(SuiteRunnerWorker.java:52)
	at org.testng.SuiteRunnerWorker.run(SuiteRunnerWorker.java:86)
	at org.testng.TestNG.runSuitesSequentially(TestNG.java:1203)
	at org.testng.TestNG.runSuitesLocally(TestNG.java:1128)
	at org.testng.TestNG.run(TestNG.java:1036)
	at org.testng.remote.RemoteTestNG.run(RemoteTestNG.java:111)
	at org.testng.remote.RemoteTestNG.initAndRun(RemoteTestNG.java:204)
	at org.testng.remote.RemoteTestNG.main(RemoteTestNG.java:175)
Caused by: java.lang.reflect.InvocationTargetException
	at sun.reflect.NativeMethodAccessorImpl.invoke0(Native Method)
	at sun.reflect.NativeMethodAccessorImpl.invoke(NativeMethodAccessorImpl.java:57)
	at sun.reflect.DelegatingMethodAccessorImpl.invoke(DelegatingMethodAccessorImpl.java:43)
	at java.lang.reflect.Method.invoke(Method.java:606)
	at org.apache.openjpa.enhance.ClassRedefiner.redefineClasses(ClassRedefiner.java:85)
	... 37 more
Caused by: java.lang.VerifyError
	at sun.instrument.InstrumentationImpl.retransformClasses0(Native Method)
	at sun.instrument.InstrumentationImpl.retransformClasses(InstrumentationImpl.java:144)
	... 42 more
]]>
    </failure>
  </testcase> <!-- testJPAConnector -->
</testsuite> <!-- Default test -->
